2025-02-23 22:49:18,733 CRIT Supervisor is running as root.  Privileges were not dropped because no user is specified in the config file.  If you intend to run as root, you can set user=root in the config file to avoid this message.
2025-02-23 22:49:18,813 INFO supervisord started with pid 1
2025-02-23 22:49:19,816 INFO spawned: 'worker_00' with pid 9
2025-02-23 22:49:20,417 INFO exited: worker_00 (exit status 255; not expected)
2025-02-23 22:49:21,420 INFO spawned: 'worker_00' with pid 10
2025-02-23 22:49:21,879 INFO exited: worker_00 (exit status 255; not expected)
2025-02-23 22:49:23,884 INFO spawned: 'worker_00' with pid 11
2025-02-23 22:49:24,379 INFO exited: worker_00 (exit status 255; not expected)
2025-02-23 22:49:27,385 INFO spawned: 'worker_00' with pid 12
2025-02-23 22:49:27,883 INFO exited: worker_00 (exit status 255; not expected)
2025-02-23 22:49:28,885 INFO gave up: worker_00 entered FATAL state, too many start retries too quickly
2025-02-23 23:28:41,118 WARN received SIGTERM indicating exit request
2025-02-23 23:29:40,402 CRIT Supervisor is running as root.  Privileges were not dropped because no user is specified in the config file.  If you intend to run as root, you can set user=root in the config file to avoid this message.
2025-02-23 23:29:40,407 INFO supervisord started with pid 1
2025-02-23 23:29:41,409 INFO spawned: 'worker_00' with pid 9
2025-02-23 23:29:42,413 INFO success: worker_00 entered RUNNING state, process has stayed up for > than 1 seconds (startsecs)
2025-02-24 00:37:22,691 WARN received SIGTERM indicating exit request
2025-02-24 00:37:22,695 INFO waiting for worker_00 to die
2025-02-24 00:37:22,709 INFO stopped: worker_00 (exit status 0)
2025-02-24 01:56:53,360 CRIT Supervisor is running as root.  Privileges were not dropped because no user is specified in the config file.  If you intend to run as root, you can set user=root in the config file to avoid this message.
2025-02-24 01:56:53,396 INFO supervisord started with pid 1
2025-02-24 01:56:54,401 INFO spawned: 'worker_00' with pid 10
2025-02-24 01:56:55,404 INFO success: worker_00 entered RUNNING state, process has stayed up for > than 1 seconds (startsecs)
2025-02-24 02:18:21,459 WARN received SIGTERM indicating exit request
2025-02-24 02:18:21,461 INFO waiting for worker_00 to die
2025-02-24 02:18:21,493 INFO stopped: worker_00 (exit status 0)
2025-02-24 03:53:32,904 CRIT Supervisor is running as root.  Privileges were not dropped because no user is specified in the config file.  If you intend to run as root, you can set user=root in the config file to avoid this message.
2025-02-24 03:53:32,922 INFO supervisord started with pid 1
2025-02-24 03:53:33,941 INFO spawned: 'worker_00' with pid 7
2025-02-24 03:53:34,945 INFO success: worker_00 entered RUNNING state, process has stayed up for > than 1 seconds (startsecs)
2025-02-24 03:59:52,388 WARN received SIGTERM indicating exit request
2025-02-24 03:59:52,389 INFO waiting for worker_00 to die
2025-02-24 03:59:52,400 INFO stopped: worker_00 (exit status 0)
2025-02-24 04:04:09,762 CRIT Supervisor is running as root.  Privileges were not dropped because no user is specified in the config file.  If you intend to run as root, you can set user=root in the config file to avoid this message.
2025-02-24 04:04:09,770 INFO supervisord started with pid 1
2025-02-24 04:04:10,776 INFO spawned: 'worker_00' with pid 7
2025-02-24 04:04:11,779 INFO success: worker_00 entered RUNNING state, process has stayed up for > than 1 seconds (startsecs)
2025-02-24 04:41:02,425 INFO reaped unknown pid 70 (exit status 0)
2025-02-24 04:41:05,430 INFO reaped unknown pid 71 (exit status 0)
2025-02-24 04:42:02,494 INFO reaped unknown pid 83 (exit status 0)
2025-02-24 04:42:05,499 INFO reaped unknown pid 85 (exit status 0)
2025-02-24 04:43:01,564 INFO reaped unknown pid 95 (exit status 0)
2025-02-24 04:43:05,570 INFO reaped unknown pid 96 (exit status 0)
2025-02-24 04:44:02,636 INFO reaped unknown pid 107 (exit status 0)
2025-02-24 04:44:05,641 INFO reaped unknown pid 108 (exit status 0)
2025-02-24 04:45:02,707 INFO reaped unknown pid 120 (exit status 0)
2025-02-24 04:45:05,712 INFO reaped unknown pid 119 (exit status 0)
2025-02-24 04:46:02,779 INFO reaped unknown pid 143 (exit status 0)
2025-02-24 04:46:05,784 INFO reaped unknown pid 142 (exit status 0)
2025-02-24 04:47:01,849 INFO reaped unknown pid 155 (exit status 0)
2025-02-24 04:47:04,853 INFO reaped unknown pid 156 (exit status 0)
2025-02-24 04:48:02,923 INFO reaped unknown pid 167 (exit status 0)
2025-02-24 04:48:05,928 INFO reaped unknown pid 169 (exit status 0)
2025-02-24 04:49:02,000 INFO reaped unknown pid 179 (exit status 0)
2025-02-24 04:49:05,004 INFO reaped unknown pid 181 (exit status 0)
2025-02-24 04:50:02,073 INFO reaped unknown pid 192 (exit status 0)
2025-02-24 04:50:05,078 INFO reaped unknown pid 191 (exit status 0)
2025-02-24 04:50:52,135 INFO reaped unknown pid 21 (terminated by SIGTERM)
2025-02-24 05:02:47,993 WARN received SIGTERM indicating exit request
2025-02-24 05:02:47,994 INFO waiting for worker_00 to die
2025-02-24 05:02:48,005 INFO stopped: worker_00 (exit status 0)
